<?xml version="1.0" encoding="UTF-8"?>
<!-- Generated by org.testng.reporters.JUnitReportReporter -->
<testsuite hostname="DESKTOP-CH1JKBO" failures="0" tests="4" name="generic.TestNg" time="32.393" errors="0" timestamp="2022-11-29T11:40:42 IST" skipped="0">
  <testcase classname="generic.TestNg" name="Pharma" time="17.684"/>
  <system-out/>
  <testcase classname="generic.TestNg" name="selectLocation" time="1.403"/>
  <system-out/>
  <testcase classname="generic.TestNg" name="selectSurgery" time="4.969"/>
  <system-out/>
  <testcase classname="generic.TestNg" name="bookAppointment" time="8.337"/>
  <system-out/>
</testsuite> <!-- generic.TestNg -->
