<?xml version="1.0" encoding="UTF-8"?>
<!-- Generated by org.testng.reporters.JUnitReportReporter -->
<testsuite hostname="DESKTOP-CH1JKBO" failures="0" tests="4" name="pom_scripts.TestNg" time="20.555" errors="0" timestamp="2022-11-28T17:51:20 IST" skipped="0">
  <testcase classname="pom_scripts.TestNg" name="Pharma" time="14.339"/>
  <system-out/>
  <testcase classname="pom_scripts.TestNg" name="selectLocation" time="1.277"/>
  <system-out/>
  <testcase classname="pom_scripts.TestNg" name="selectSurgery" time="2.301"/>
  <system-out/>
  <testcase classname="pom_scripts.TestNg" name="bookAppointment" time="2.638"/>
  <system-out/>
</testsuite> <!-- pom_scripts.TestNg -->
